warning: ignoring unsupported tag `HTML_DYNAMIC_MENUS     =' at line 1236, file /home/travis/build/slaclab/ruckus/Doxyfile
/home/travis/build/slaclab/ruckus/vivado_proc.tcl:11: warning: the name `vivado/proc.tcl' supplied as the second argument in the \file statement is not an input file
Searching for include files...
Searching for example files...
Searching for images...
Searching for dot files...
Searching for msc files...
Searching for dia files...
Searching for files to exclude
Searching INPUT for files to process...
Searching for files in directory /home/travis/build/slaclab/ruckus
Reading and parsing tag files
Parsing files
Reading /home/travis/build/slaclab/ruckus/README.md...
Reading /home/travis/build/slaclab/ruckus/vivado_proc.tcl...
Parsing /home/travis/build/slaclab/ruckus/vivado_proc.tcl...
Warning 1423 /home/travis/build/slaclab/ruckus/vivado_proc.tcl() at line 1302: level=1 expected="
Warning 1423 /home/travis/build/slaclab/ruckus/vivado_proc.tcl() at line 1442: level=1 expected="
Warning 1423 /home/travis/build/slaclab/ruckus/vivado_proc.tcl() at line 1524: level=1 expected="
Warning 1423 /home/travis/build/slaclab/ruckus/vivado_proc.tcl() at line 1621: level=1 expected="
Warning 1423 /home/travis/build/slaclab/ruckus/vivado_proc.tcl() at line 1697: level=1 expected="
Building group list...
Building directory list...
Building namespace list...
Building file list...
Building class list...
Associating documentation with classes...
Computing nesting relations for classes...
Building example list...
Searching for enumerations...
Searching for documented typedefs...
Searching for members imported via using declarations...
Searching for included using directives...
Searching for documented variables...
Building interface member list...
Building member list...
Searching for friends...
Searching for documented defines...
Computing class inheritance relations...
Computing class usage relations...
Flushing cached template relations that have become invalid...
Computing class relations...
Add enum values to enums...
Searching for member function documentation...
Creating members for template instances...
Building page list...
Search for main page...
Computing page relations...
Determining the scope of groups...
Sorting lists...
Freeing entry tree
Determining which enums are documented
Computing member relations...
Building full member lists recursively...
Adding members to member groups.
Computing member references...
Inheriting documentation...
Generating disk names...
Adding source references...
Adding xrefitems...
Sorting member lists...
Computing dependencies between directories...
Generating citations page...
Counting data structures...
Resolving user defined references...
Finding anchors and sections in the documentation...
Transferring function references...
Combining using relations...
Adding members to index pages...
Generating style sheet...
Generating search indices...
Generating example documentation...
Generating file sources...
Generating code for file /home/travis/build/slaclab/ruckus/README.md...
Generating code for file /home/travis/build/slaclab/ruckus/vivado_proc.tcl...
Warning 1423 (null)() at line 1302: level=1 expected="
Warning 1423 (null)() at line 1442: level=1 expected="
Warning 1423 (null)() at line 1524: level=1 expected="
Warning 1423 (null)() at line 1621: level=1 expected="
Warning 1423 (null)() at line 1697: level=1 expected="
Generating file documentation...
Generating page documentation...
Generating group documentation...
Generating class documentation...
Generating namespace index...
Generating graph info page...
Generating directory documentation...
Generating index page...
Generating page index...
Generating module index...
Generating namespace index...
Generating namespace member index...
Generating annotated compound index...
Generating alphabetical compound index...
Generating hierarchical class index...
Generating member index...
Generating file index...
Generating file member index...
Generating example index...
finalizing index lists...
writing tag file...
lookup cache used 0/65536 hits=0 misses=0
finished...
